
[93mACE v2.3 [0m

  [94minstance[0m
    name:main

  Loading variables...

  Loading constraints...

  [94mdomains[0m
    types:1  values:729  sizes:[9:81]
  [94mvariables[0m
    count:81  arrays:1  degrees:[3:3,4:78]
  [94mconstraints[0m
    count:105  specific:105  arities:[1:78,9:27]
    distribution:[AllDifferentComplete:27,Extension1:78]
    wck:0.46  cpu:1.378  mem:22M520

  Building solver... 

  [94msolver[0m
    guaranteedAC:true
    wck:0.51  cpu:1.423  mem:25M673

  [94mpreprocessing[0m
    effs:184  values:81  removedByAC:648  unsat:false
    wck:0.015  cpu:1.438  mem:25M673

    run1  dpts:-1..80  effs:184  wck:0.00  sols:1

  [94mglobal[0m
    effs:184
    stop:REACHED_GOAL  sols:1  sol1Cpu:1.442
    wck:0.54  cpu:1.452  mem:25M904


  Solution 1 in JSON format:
   {
    x: [
     [1, 2, 3, 4, 5, 6, 7, 8, 9],
     [4, 5, 6, 7, 8, 9, 1, 2, 3],
     [7, 8, 9, 1, 2, 3, 4, 5, 6],
     [2, 3, 4, 5, 6, 7, 8, 9, 1],
     [5, 6, 7, 8, 9, 1, 2, 3, 4],
     [8, 9, 1, 2, 3, 4, 5, 6, 7],
     [3, 4, 5, 6, 7, 8, 9, 1, 2],
     [6, 7, 8, 9, 1, 2, 3, 4, 5],
     [9, 1, 2, 3, 4, 5, 6, 7, 8]
    ]
   }

[92ms SATISFIABLE[0m
[92m
v[0m <instantiation id='sol1' type='solution'> <list> x[][] </list> <values> 1 2 3 4 5 6 7 8 9 4 5 6 7 8 9 1 2 3 7 8 9 1 2 3 4 5 6 2 3 4 5 6 7 8 9 1 5 6 7 8 9 1 2 3 4 8 9 1 2 3 4 5 6 7 3 4 5 6 7 8 9 1 2 6 7 8 9 1 2 3 4 5 9 1 2 3 4 5 6 7 8 </values> </instantiation>
[92m
d WRONG DECISIONS[0m 0
[92md FOUND SOLUTIONS[0m 1
[91md INCOMPLETE EXPLORATION[0m

c real time : 1.467
